<?xml version="1.0" encoding="UTF-8"?><testsuite errors="0" failures="0" name="Employees" tests="7" time="7.093"><properties/><testcase classname="test.BussinessPartners.PartnerTestNG" name="loadPartnerByCode" time="1.218"/><testcase classname="test.BussinessPartners.PartnerTestNG" name="loadCourierAccounts" time="1.047"/><testcase classname="test.BussinessPartners.PartnerTestNG" name="searchPartners" time="0.969"/><testcase classname="test.BussinessPartners.PartnerTestNG" name="loadPartnertContacts" time="0.937"/><testcase classname="test.BussinessPartners.PartnerTestNG" name="loadShipPickUps" time="1.0"/><testcase classname="test.BussinessPartners.PartnerTestNG" name="loadDepartmentInfo" time="0.922"/><testcase classname="test.BussinessPartners.PartnerTestNG" name="loadCallHistory" time="1.0"/></testsuite>